2017-10-02 16:51:57,065 [INFO] from play.api.http.EnabledFilters in play-dev-mode-akka.actor.default-dispatcher-7 - Enabled Filters (see <https://www.playframework.com/documentation/latest/Filters>):

    play.filters.csrf.CSRFFilter
    play.filters.headers.SecurityHeadersFilter
    play.filters.hosts.AllowedHostsFilter

2017-10-02 16:51:57,125 [INFO] from play.api.Play in play-dev-mode-akka.actor.default-dispatcher-7 - Application started (Dev)
2017-10-02 16:56:06,116 [INFO] from play.api.http.EnabledFilters in play-dev-mode-akka.actor.default-dispatcher-15 - Enabled Filters (see <https://www.playframework.com/documentation/latest/Filters>):

    play.filters.csrf.CSRFFilter
    play.filters.headers.SecurityHeadersFilter
    play.filters.hosts.AllowedHostsFilter

2017-10-02 16:56:06,122 [INFO] from play.api.Play in play-dev-mode-akka.actor.default-dispatcher-15 - Application started (Dev)
2017-10-02 16:56:38,940 [INFO] from play.api.http.EnabledFilters in play-dev-mode-akka.actor.default-dispatcher-8 - Enabled Filters (see <https://www.playframework.com/documentation/latest/Filters>):

    play.filters.csrf.CSRFFilter
    play.filters.headers.SecurityHeadersFilter
    play.filters.hosts.AllowedHostsFilter

2017-10-02 16:56:38,945 [INFO] from play.api.Play in play-dev-mode-akka.actor.default-dispatcher-8 - Application started (Dev)
2017-10-02 16:57:46,214 [INFO] from play.api.http.EnabledFilters in play-dev-mode-akka.actor.default-dispatcher-21 - Enabled Filters (see <https://www.playframework.com/documentation/latest/Filters>):

    play.filters.csrf.CSRFFilter
    play.filters.headers.SecurityHeadersFilter
    play.filters.hosts.AllowedHostsFilter

2017-10-02 16:57:46,218 [INFO] from play.api.Play in play-dev-mode-akka.actor.default-dispatcher-21 - Application started (Dev)
2017-10-02 16:58:05,087 [INFO] from play.api.http.EnabledFilters in play-dev-mode-akka.actor.default-dispatcher-15 - Enabled Filters (see <https://www.playframework.com/documentation/latest/Filters>):

    play.filters.csrf.CSRFFilter
    play.filters.headers.SecurityHeadersFilter
    play.filters.hosts.AllowedHostsFilter

2017-10-02 16:58:05,091 [INFO] from play.api.Play in play-dev-mode-akka.actor.default-dispatcher-15 - Application started (Dev)
2017-10-02 17:04:46,715 [INFO] from play.api.http.EnabledFilters in play-dev-mode-akka.actor.default-dispatcher-33 - Enabled Filters (see <https://www.playframework.com/documentation/latest/Filters>):

    play.filters.csrf.CSRFFilter
    play.filters.headers.SecurityHeadersFilter
    play.filters.hosts.AllowedHostsFilter

2017-10-02 17:04:46,720 [INFO] from play.api.Play in play-dev-mode-akka.actor.default-dispatcher-33 - Application started (Dev)
2017-10-02 17:10:20,463 [INFO] from play.api.http.EnabledFilters in play-dev-mode-akka.actor.default-dispatcher-51 - Enabled Filters (see <https://www.playframework.com/documentation/latest/Filters>):

    play.filters.csrf.CSRFFilter
    play.filters.headers.SecurityHeadersFilter
    play.filters.hosts.AllowedHostsFilter

2017-10-02 17:10:20,468 [INFO] from play.api.Play in play-dev-mode-akka.actor.default-dispatcher-51 - Application started (Dev)
2017-10-02 17:18:17,996 [INFO] from play.api.http.EnabledFilters in play-dev-mode-akka.actor.default-dispatcher-66 - Enabled Filters (see <https://www.playframework.com/documentation/latest/Filters>):

    play.filters.csrf.CSRFFilter
    play.filters.headers.SecurityHeadersFilter
    play.filters.hosts.AllowedHostsFilter

2017-10-02 17:18:17,999 [INFO] from play.api.Play in play-dev-mode-akka.actor.default-dispatcher-66 - Application started (Dev)
2017-10-02 17:19:51,895 [INFO] from play.api.http.EnabledFilters in play-dev-mode-akka.actor.default-dispatcher-71 - Enabled Filters (see <https://www.playframework.com/documentation/latest/Filters>):

    play.filters.csrf.CSRFFilter
    play.filters.headers.SecurityHeadersFilter
    play.filters.hosts.AllowedHostsFilter

2017-10-02 17:19:51,897 [INFO] from play.api.Play in play-dev-mode-akka.actor.default-dispatcher-71 - Application started (Dev)
2017-10-03 08:48:32,646 [INFO] from play.api.http.EnabledFilters in play-dev-mode-akka.actor.default-dispatcher-63 - Enabled Filters (see <https://www.playframework.com/documentation/latest/Filters>):

    play.filters.csrf.CSRFFilter
    play.filters.headers.SecurityHeadersFilter
    play.filters.hosts.AllowedHostsFilter

2017-10-03 08:48:32,648 [INFO] from play.api.Play in play-dev-mode-akka.actor.default-dispatcher-63 - Application started (Dev)
2017-10-03 09:24:39,690 [INFO] from play.api.http.EnabledFilters in play-dev-mode-akka.actor.default-dispatcher-92 - Enabled Filters (see <https://www.playframework.com/documentation/latest/Filters>):

    play.filters.csrf.CSRFFilter
    play.filters.headers.SecurityHeadersFilter
    play.filters.hosts.AllowedHostsFilter

2017-10-03 09:24:39,692 [INFO] from play.api.Play in play-dev-mode-akka.actor.default-dispatcher-92 - Application started (Dev)
2017-10-03 09:25:04,975 [INFO] from play.api.http.EnabledFilters in play-dev-mode-akka.actor.default-dispatcher-91 - Enabled Filters (see <https://www.playframework.com/documentation/latest/Filters>):

    play.filters.csrf.CSRFFilter
    play.filters.headers.SecurityHeadersFilter
    play.filters.hosts.AllowedHostsFilter

2017-10-03 09:25:04,977 [INFO] from play.api.Play in play-dev-mode-akka.actor.default-dispatcher-91 - Application started (Dev)
2017-10-03 09:29:19,496 [INFO] from play.api.http.EnabledFilters in play-dev-mode-akka.actor.default-dispatcher-108 - Enabled Filters (see <https://www.playframework.com/documentation/latest/Filters>):

    play.filters.csrf.CSRFFilter
    play.filters.headers.SecurityHeadersFilter
    play.filters.hosts.AllowedHostsFilter

2017-10-03 09:29:19,499 [INFO] from play.api.Play in play-dev-mode-akka.actor.default-dispatcher-108 - Application started (Dev)
2017-10-03 13:17:45,780 [ERROR] from application in play-dev-mode-akka.actor.default-dispatcher-135 - 

! @75ga37406 - Internal server error, for (GET) [/] ->
 
play.sbt.PlayExceptions$CompilationException: Compilation error[value register is not a member of controllers.HomeController]
	at play.sbt.PlayExceptions$CompilationException$.apply(PlayExceptions.scala:27)
	at play.sbt.PlayExceptions$CompilationException$.apply(PlayExceptions.scala:27)
	at scala.Option.map(Option.scala:145)
	at play.sbt.run.PlayReload$$anonfun$taskFailureHandler$1.apply(PlayReload.scala:49)
	at play.sbt.run.PlayReload$$anonfun$taskFailureHandler$1.apply(PlayReload.scala:44)
	at scala.Option.map(Option.scala:145)
	at play.sbt.run.PlayReload$.taskFailureHandler(PlayReload.scala:44)
	at play.sbt.run.PlayReload$.compileFailure(PlayReload.scala:40)
	at play.sbt.run.PlayReload$$anonfun$compile$1.apply(PlayReload.scala:17)
	at play.sbt.run.PlayReload$$anonfun$compile$1.apply(PlayReload.scala:17)
	at scala.util.Either$LeftProjection.map(Either.scala:377)
	at play.sbt.run.PlayReload$.compile(PlayReload.scala:17)
	at play.sbt.run.PlayRun$$anonfun$playRunTask$1$$anonfun$apply$2$$anonfun$apply$3$$anonfun$3.apply(PlayRun.scala:71)
	at play.sbt.run.PlayRun$$anonfun$playRunTask$1$$anonfun$apply$2$$anonfun$apply$3$$anonfun$3.apply(PlayRun.scala:71)
	at play.runsupport.Reloader$$anonfun$reload$1.apply(Reloader.scala:413)
	at play.runsupport.Reloader$$anon$5.run(Reloader.scala:51)
	at java.security.AccessController.doPrivileged(Native Method)
	at play.runsupport.Reloader$.play$runsupport$Reloader$$withReloaderContextClassLoader(Reloader.scala:47)
	at play.runsupport.Reloader.reload(Reloader.scala:411)
	at play.core.server.DevServerStart$$anon$1.get(DevServerStart.scala:123)
	at play.core.server.Server.getHandlerFor(Server.scala:63)
	at play.core.server.Server.getHandlerFor$(Server.scala:48)
	at play.core.server.AkkaHttpServer.getHandlerFor(AkkaHttpServer.scala:41)
	at play.core.server.AkkaHttpServer.getHandler(AkkaHttpServer.scala:214)
	at play.core.server.AkkaHttpServer.handleRequest(AkkaHttpServer.scala:194)
	at play.core.server.AkkaHttpServer.$anonfun$createServerBinding$3(AkkaHttpServer.scala:106)
	at play.core.server.AkkaHttpServer$$Lambda$374/1850505191.apply(Unknown Source)
	at akka.stream.impl.fusing.MapAsync$$anon$23.onPush(Ops.scala:1172)
	at akka.stream.impl.fusing.GraphInterpreter.processPush(GraphInterpreter.scala:499)
	at akka.stream.impl.fusing.GraphInterpreter.processEvent(GraphInterpreter.scala:462)
	at akka.stream.impl.fusing.GraphInterpreter.execute(GraphInterpreter.scala:368)
	at akka.stream.impl.fusing.GraphInterpreterShell.runBatch(ActorGraphInterpreter.scala:571)
	at akka.stream.impl.fusing.GraphInterpreterShell$AsyncInput.execute(ActorGraphInterpreter.scala:457)
	at akka.stream.impl.fusing.GraphInterpreterShell.processEvent(ActorGraphInterpreter.scala:546)
	at akka.stream.impl.fusing.ActorGraphInterpreter.akka$stream$impl$fusing$ActorGraphInterpreter$$processEvent(ActorGraphInterpreter.scala:725)
	at akka.stream.impl.fusing.ActorGraphInterpreter$$anonfun$receive$1.applyOrElse(ActorGraphInterpreter.scala:740)
	at akka.actor.Actor.aroundReceive(Actor.scala:514)
	at akka.actor.Actor.aroundReceive$(Actor.scala:512)
	at akka.stream.impl.fusing.ActorGraphInterpreter.aroundReceive(ActorGraphInterpreter.scala:650)
	at akka.actor.ActorCell.receiveMessage(ActorCell.scala:527)
	at akka.actor.ActorCell.invoke(ActorCell.scala:496)
	at akka.dispatch.Mailbox.processMailbox(Mailbox.scala:257)
	at akka.dispatch.Mailbox.run(Mailbox.scala:224)
	at akka.dispatch.Mailbox.exec(Mailbox.scala:234)
	at akka.dispatch.forkjoin.ForkJoinTask.doExec(ForkJoinTask.java:260)
	at akka.dispatch.forkjoin.ForkJoinPool$WorkQueue.runTask(ForkJoinPool.java:1339)
	at akka.dispatch.forkjoin.ForkJoinPool.runWorker(ForkJoinPool.java:1979)
	at akka.dispatch.forkjoin.ForkJoinWorkerThread.run(ForkJoinWorkerThread.java:107)
2017-10-03 13:17:54,930 [ERROR] from application in play-dev-mode-akka.actor.default-dispatcher-138 - 

! @75ga37hf1 - Internal server error, for (GET) [/login] ->
 
play.sbt.PlayExceptions$CompilationException: Compilation error[value register is not a member of controllers.HomeController]
	at play.sbt.PlayExceptions$CompilationException$.apply(PlayExceptions.scala:27)
	at play.sbt.PlayExceptions$CompilationException$.apply(PlayExceptions.scala:27)
	at scala.Option.map(Option.scala:145)
	at play.sbt.run.PlayReload$$anonfun$taskFailureHandler$1.apply(PlayReload.scala:49)
	at play.sbt.run.PlayReload$$anonfun$taskFailureHandler$1.apply(PlayReload.scala:44)
	at scala.Option.map(Option.scala:145)
	at play.sbt.run.PlayReload$.taskFailureHandler(PlayReload.scala:44)
	at play.sbt.run.PlayReload$.compileFailure(PlayReload.scala:40)
	at play.sbt.run.PlayReload$$anonfun$compile$1.apply(PlayReload.scala:17)
	at play.sbt.run.PlayReload$$anonfun$compile$1.apply(PlayReload.scala:17)
	at scala.util.Either$LeftProjection.map(Either.scala:377)
	at play.sbt.run.PlayReload$.compile(PlayReload.scala:17)
	at play.sbt.run.PlayRun$$anonfun$playRunTask$1$$anonfun$apply$2$$anonfun$apply$3$$anonfun$3.apply(PlayRun.scala:71)
	at play.sbt.run.PlayRun$$anonfun$playRunTask$1$$anonfun$apply$2$$anonfun$apply$3$$anonfun$3.apply(PlayRun.scala:71)
	at play.runsupport.Reloader$$anonfun$reload$1.apply(Reloader.scala:413)
	at play.runsupport.Reloader$$anon$5.run(Reloader.scala:51)
	at java.security.AccessController.doPrivileged(Native Method)
	at play.runsupport.Reloader$.play$runsupport$Reloader$$withReloaderContextClassLoader(Reloader.scala:47)
	at play.runsupport.Reloader.reload(Reloader.scala:411)
	at play.core.server.DevServerStart$$anon$1.get(DevServerStart.scala:123)
	at play.core.server.Server.getHandlerFor(Server.scala:63)
	at play.core.server.Server.getHandlerFor$(Server.scala:48)
	at play.core.server.AkkaHttpServer.getHandlerFor(AkkaHttpServer.scala:41)
	at play.core.server.AkkaHttpServer.getHandler(AkkaHttpServer.scala:214)
	at play.core.server.AkkaHttpServer.handleRequest(AkkaHttpServer.scala:194)
	at play.core.server.AkkaHttpServer.$anonfun$createServerBinding$3(AkkaHttpServer.scala:106)
	at play.core.server.AkkaHttpServer$$Lambda$374/1850505191.apply(Unknown Source)
	at akka.stream.impl.fusing.MapAsync$$anon$23.onPush(Ops.scala:1172)
	at akka.stream.impl.fusing.GraphInterpreter.processPush(GraphInterpreter.scala:499)
	at akka.stream.impl.fusing.GraphInterpreter.processEvent(GraphInterpreter.scala:462)
	at akka.stream.impl.fusing.GraphInterpreter.execute(GraphInterpreter.scala:368)
	at akka.stream.impl.fusing.GraphInterpreterShell.runBatch(ActorGraphInterpreter.scala:571)
	at akka.stream.impl.fusing.GraphInterpreterShell$AsyncInput.execute(ActorGraphInterpreter.scala:457)
	at akka.stream.impl.fusing.GraphInterpreterShell.processEvent(ActorGraphInterpreter.scala:546)
	at akka.stream.impl.fusing.ActorGraphInterpreter.akka$stream$impl$fusing$ActorGraphInterpreter$$processEvent(ActorGraphInterpreter.scala:725)
	at akka.stream.impl.fusing.ActorGraphInterpreter$$anonfun$receive$1.applyOrElse(ActorGraphInterpreter.scala:740)
	at akka.actor.Actor.aroundReceive(Actor.scala:514)
	at akka.actor.Actor.aroundReceive$(Actor.scala:512)
	at akka.stream.impl.fusing.ActorGraphInterpreter.aroundReceive(ActorGraphInterpreter.scala:650)
	at akka.actor.ActorCell.receiveMessage(ActorCell.scala:527)
	at akka.actor.ActorCell.invoke(ActorCell.scala:496)
	at akka.dispatch.Mailbox.processMailbox(Mailbox.scala:257)
	at akka.dispatch.Mailbox.run(Mailbox.scala:224)
	at akka.dispatch.Mailbox.exec(Mailbox.scala:234)
	at akka.dispatch.forkjoin.ForkJoinTask.doExec(ForkJoinTask.java:260)
	at akka.dispatch.forkjoin.ForkJoinPool$WorkQueue.runTask(ForkJoinPool.java:1339)
	at akka.dispatch.forkjoin.ForkJoinPool.runWorker(ForkJoinPool.java:1979)
	at akka.dispatch.forkjoin.ForkJoinWorkerThread.run(ForkJoinWorkerThread.java:107)
2017-10-03 13:19:32,143 [ERROR] from application in play-dev-mode-akka.actor.default-dispatcher-144 - 

! @75ga3d5a0 - Internal server error, for (GET) [/login] ->
 
play.sbt.PlayExceptions$CompilationException: Compilation error[value index is not a member of controllers.HomeController]
	at play.sbt.PlayExceptions$CompilationException$.apply(PlayExceptions.scala:27)
	at play.sbt.PlayExceptions$CompilationException$.apply(PlayExceptions.scala:27)
	at scala.Option.map(Option.scala:145)
	at play.sbt.run.PlayReload$$anonfun$taskFailureHandler$1.apply(PlayReload.scala:49)
	at play.sbt.run.PlayReload$$anonfun$taskFailureHandler$1.apply(PlayReload.scala:44)
	at scala.Option.map(Option.scala:145)
	at play.sbt.run.PlayReload$.taskFailureHandler(PlayReload.scala:44)
	at play.sbt.run.PlayReload$.compileFailure(PlayReload.scala:40)
	at play.sbt.run.PlayReload$$anonfun$compile$1.apply(PlayReload.scala:17)
	at play.sbt.run.PlayReload$$anonfun$compile$1.apply(PlayReload.scala:17)
	at scala.util.Either$LeftProjection.map(Either.scala:377)
	at play.sbt.run.PlayReload$.compile(PlayReload.scala:17)
	at play.sbt.run.PlayRun$$anonfun$playRunTask$1$$anonfun$apply$2$$anonfun$apply$3$$anonfun$3.apply(PlayRun.scala:71)
	at play.sbt.run.PlayRun$$anonfun$playRunTask$1$$anonfun$apply$2$$anonfun$apply$3$$anonfun$3.apply(PlayRun.scala:71)
	at play.runsupport.Reloader$$anonfun$reload$1.apply(Reloader.scala:413)
	at play.runsupport.Reloader$$anon$5.run(Reloader.scala:51)
	at java.security.AccessController.doPrivileged(Native Method)
	at play.runsupport.Reloader$.play$runsupport$Reloader$$withReloaderContextClassLoader(Reloader.scala:47)
	at play.runsupport.Reloader.reload(Reloader.scala:411)
	at play.core.server.DevServerStart$$anon$1.get(DevServerStart.scala:123)
	at play.core.server.Server.getHandlerFor(Server.scala:63)
	at play.core.server.Server.getHandlerFor$(Server.scala:48)
	at play.core.server.AkkaHttpServer.getHandlerFor(AkkaHttpServer.scala:41)
	at play.core.server.AkkaHttpServer.getHandler(AkkaHttpServer.scala:214)
	at play.core.server.AkkaHttpServer.handleRequest(AkkaHttpServer.scala:194)
	at play.core.server.AkkaHttpServer.$anonfun$createServerBinding$3(AkkaHttpServer.scala:106)
	at play.core.server.AkkaHttpServer$$Lambda$374/1850505191.apply(Unknown Source)
	at akka.stream.impl.fusing.MapAsync$$anon$23.onPush(Ops.scala:1172)
	at akka.stream.impl.fusing.GraphInterpreter.processPush(GraphInterpreter.scala:499)
	at akka.stream.impl.fusing.GraphInterpreter.processEvent(GraphInterpreter.scala:462)
	at akka.stream.impl.fusing.GraphInterpreter.execute(GraphInterpreter.scala:368)
	at akka.stream.impl.fusing.GraphInterpreterShell.runBatch(ActorGraphInterpreter.scala:571)
	at akka.stream.impl.fusing.GraphInterpreterShell$AsyncInput.execute(ActorGraphInterpreter.scala:457)
	at akka.stream.impl.fusing.GraphInterpreterShell.processEvent(ActorGraphInterpreter.scala:546)
	at akka.stream.impl.fusing.ActorGraphInterpreter.akka$stream$impl$fusing$ActorGraphInterpreter$$processEvent(ActorGraphInterpreter.scala:725)
	at akka.stream.impl.fusing.ActorGraphInterpreter$$anonfun$receive$1.applyOrElse(ActorGraphInterpreter.scala:740)
	at akka.actor.Actor.aroundReceive(Actor.scala:514)
	at akka.actor.Actor.aroundReceive$(Actor.scala:512)
	at akka.stream.impl.fusing.ActorGraphInterpreter.aroundReceive(ActorGraphInterpreter.scala:650)
	at akka.actor.ActorCell.receiveMessage(ActorCell.scala:527)
	at akka.actor.ActorCell.invoke(ActorCell.scala:496)
	at akka.dispatch.Mailbox.processMailbox(Mailbox.scala:257)
	at akka.dispatch.Mailbox.run(Mailbox.scala:224)
	at akka.dispatch.Mailbox.exec(Mailbox.scala:234)
	at akka.dispatch.forkjoin.ForkJoinTask.doExec(ForkJoinTask.java:260)
	at akka.dispatch.forkjoin.ForkJoinPool$WorkQueue.runTask(ForkJoinPool.java:1339)
	at akka.dispatch.forkjoin.ForkJoinPool.runWorker(ForkJoinPool.java:1979)
	at akka.dispatch.forkjoin.ForkJoinWorkerThread.run(ForkJoinWorkerThread.java:107)
2017-10-03 13:20:00,852 [INFO] from play.api.http.EnabledFilters in play-dev-mode-akka.actor.default-dispatcher-147 - Enabled Filters (see <https://www.playframework.com/documentation/latest/Filters>):

    play.filters.csrf.CSRFFilter
    play.filters.headers.SecurityHeadersFilter
    play.filters.hosts.AllowedHostsFilter

2017-10-03 13:20:00,856 [INFO] from play.api.Play in play-dev-mode-akka.actor.default-dispatcher-147 - Application started (Dev)
2017-10-03 13:20:32,261 [INFO] from play.api.http.EnabledFilters in play-dev-mode-akka.actor.default-dispatcher-145 - Enabled Filters (see <https://www.playframework.com/documentation/latest/Filters>):

    play.filters.csrf.CSRFFilter
    play.filters.headers.SecurityHeadersFilter
    play.filters.hosts.AllowedHostsFilter

2017-10-03 13:20:32,263 [INFO] from play.api.Play in play-dev-mode-akka.actor.default-dispatcher-145 - Application started (Dev)
2017-10-03 13:23:24,550 [INFO] from play.api.http.EnabledFilters in play-dev-mode-akka.actor.default-dispatcher-157 - Enabled Filters (see <https://www.playframework.com/documentation/latest/Filters>):

    play.filters.csrf.CSRFFilter
    play.filters.headers.SecurityHeadersFilter
    play.filters.hosts.AllowedHostsFilter

2017-10-03 13:23:24,552 [INFO] from play.api.Play in play-dev-mode-akka.actor.default-dispatcher-157 - Application started (Dev)
2017-10-03 13:25:04,055 [INFO] from play.api.http.EnabledFilters in play-dev-mode-akka.actor.default-dispatcher-148 - Enabled Filters (see <https://www.playframework.com/documentation/latest/Filters>):

    play.filters.csrf.CSRFFilter
    play.filters.headers.SecurityHeadersFilter
    play.filters.hosts.AllowedHostsFilter

2017-10-03 13:25:04,058 [INFO] from play.api.Play in play-dev-mode-akka.actor.default-dispatcher-148 - Application started (Dev)
2017-10-03 13:26:08,006 [INFO] from play.api.http.EnabledFilters in play-dev-mode-akka.actor.default-dispatcher-181 - Enabled Filters (see <https://www.playframework.com/documentation/latest/Filters>):

    play.filters.csrf.CSRFFilter
    play.filters.headers.SecurityHeadersFilter
    play.filters.hosts.AllowedHostsFilter

2017-10-03 13:26:08,009 [INFO] from play.api.Play in play-dev-mode-akka.actor.default-dispatcher-181 - Application started (Dev)
2017-10-03 13:34:46,387 [INFO] from play.api.http.EnabledFilters in play-dev-mode-akka.actor.default-dispatcher-271 - Enabled Filters (see <https://www.playframework.com/documentation/latest/Filters>):

    play.filters.csrf.CSRFFilter
    play.filters.headers.SecurityHeadersFilter
    play.filters.hosts.AllowedHostsFilter

2017-10-03 13:34:46,389 [INFO] from play.api.Play in play-dev-mode-akka.actor.default-dispatcher-271 - Application started (Dev)
2017-10-03 13:39:02,796 [INFO] from play.api.http.EnabledFilters in play-dev-mode-akka.actor.default-dispatcher-402 - Enabled Filters (see <https://www.playframework.com/documentation/latest/Filters>):

    play.filters.csrf.CSRFFilter
    play.filters.headers.SecurityHeadersFilter
    play.filters.hosts.AllowedHostsFilter

2017-10-03 13:39:02,801 [INFO] from play.api.Play in play-dev-mode-akka.actor.default-dispatcher-402 - Application started (Dev)
2017-10-03 13:39:17,883 [INFO] from play.api.http.EnabledFilters in play-dev-mode-akka.actor.default-dispatcher-429 - Enabled Filters (see <https://www.playframework.com/documentation/latest/Filters>):

    play.filters.csrf.CSRFFilter
    play.filters.headers.SecurityHeadersFilter
    play.filters.hosts.AllowedHostsFilter

2017-10-03 13:39:17,884 [INFO] from play.api.Play in play-dev-mode-akka.actor.default-dispatcher-429 - Application started (Dev)
2017-10-03 13:39:47,409 [INFO] from play.api.http.EnabledFilters in play-dev-mode-akka.actor.default-dispatcher-429 - Enabled Filters (see <https://www.playframework.com/documentation/latest/Filters>):

    play.filters.csrf.CSRFFilter
    play.filters.headers.SecurityHeadersFilter
    play.filters.hosts.AllowedHostsFilter

2017-10-03 13:39:47,411 [INFO] from play.api.Play in play-dev-mode-akka.actor.default-dispatcher-429 - Application started (Dev)
2017-10-03 13:47:18,878 [INFO] from play.api.http.EnabledFilters in play-dev-mode-akka.actor.default-dispatcher-574 - Enabled Filters (see <https://www.playframework.com/documentation/latest/Filters>):

    play.filters.csrf.CSRFFilter
    play.filters.headers.SecurityHeadersFilter
    play.filters.hosts.AllowedHostsFilter

2017-10-03 13:47:18,880 [INFO] from play.api.Play in play-dev-mode-akka.actor.default-dispatcher-574 - Application started (Dev)
2017-10-03 13:49:33,796 [INFO] from play.api.http.EnabledFilters in play-dev-mode-akka.actor.default-dispatcher-602 - Enabled Filters (see <https://www.playframework.com/documentation/latest/Filters>):

    play.filters.csrf.CSRFFilter
    play.filters.headers.SecurityHeadersFilter
    play.filters.hosts.AllowedHostsFilter

2017-10-03 13:49:33,798 [INFO] from play.api.Play in play-dev-mode-akka.actor.default-dispatcher-602 - Application started (Dev)
2017-10-03 13:51:35,060 [INFO] from play.api.http.EnabledFilters in play-dev-mode-akka.actor.default-dispatcher-623 - Enabled Filters (see <https://www.playframework.com/documentation/latest/Filters>):

    play.filters.csrf.CSRFFilter
    play.filters.headers.SecurityHeadersFilter
    play.filters.hosts.AllowedHostsFilter

2017-10-03 13:51:35,062 [INFO] from play.api.Play in play-dev-mode-akka.actor.default-dispatcher-623 - Application started (Dev)
2017-10-03 13:52:13,103 [INFO] from play.api.http.EnabledFilters in play-dev-mode-akka.actor.default-dispatcher-658 - Enabled Filters (see <https://www.playframework.com/documentation/latest/Filters>):

    play.filters.csrf.CSRFFilter
    play.filters.headers.SecurityHeadersFilter
    play.filters.hosts.AllowedHostsFilter

2017-10-03 13:52:13,104 [INFO] from play.api.Play in play-dev-mode-akka.actor.default-dispatcher-658 - Application started (Dev)
2017-10-03 13:53:07,811 [INFO] from play.api.http.EnabledFilters in play-dev-mode-akka.actor.default-dispatcher-670 - Enabled Filters (see <https://www.playframework.com/documentation/latest/Filters>):

    play.filters.csrf.CSRFFilter
    play.filters.headers.SecurityHeadersFilter
    play.filters.hosts.AllowedHostsFilter

2017-10-03 13:53:07,813 [INFO] from play.api.Play in play-dev-mode-akka.actor.default-dispatcher-670 - Application started (Dev)
2017-10-03 13:54:24,886 [INFO] from play.api.http.EnabledFilters in play-dev-mode-akka.actor.default-dispatcher-658 - Enabled Filters (see <https://www.playframework.com/documentation/latest/Filters>):

    play.filters.csrf.CSRFFilter
    play.filters.headers.SecurityHeadersFilter
    play.filters.hosts.AllowedHostsFilter

2017-10-03 13:54:24,888 [INFO] from play.api.Play in play-dev-mode-akka.actor.default-dispatcher-658 - Application started (Dev)
2017-10-03 13:57:16,229 [INFO] from play.api.http.EnabledFilters in play-dev-mode-akka.actor.default-dispatcher-673 - Enabled Filters (see <https://www.playframework.com/documentation/latest/Filters>):

    play.filters.csrf.CSRFFilter
    play.filters.headers.SecurityHeadersFilter
    play.filters.hosts.AllowedHostsFilter

2017-10-03 13:57:16,230 [INFO] from play.api.Play in play-dev-mode-akka.actor.default-dispatcher-673 - Application started (Dev)
2017-10-03 14:04:46,163 [INFO] from play.api.http.EnabledFilters in play-dev-mode-akka.actor.default-dispatcher-758 - Enabled Filters (see <https://www.playframework.com/documentation/latest/Filters>):

    play.filters.csrf.CSRFFilter
    play.filters.headers.SecurityHeadersFilter
    play.filters.hosts.AllowedHostsFilter

2017-10-03 14:04:46,164 [INFO] from play.api.Play in play-dev-mode-akka.actor.default-dispatcher-758 - Application started (Dev)
2017-10-03 14:05:32,166 [INFO] from play.api.http.EnabledFilters in play-dev-mode-akka.actor.default-dispatcher-790 - Enabled Filters (see <https://www.playframework.com/documentation/latest/Filters>):

    play.filters.csrf.CSRFFilter
    play.filters.headers.SecurityHeadersFilter
    play.filters.hosts.AllowedHostsFilter

2017-10-03 14:05:32,168 [INFO] from play.api.Play in play-dev-mode-akka.actor.default-dispatcher-790 - Application started (Dev)
2017-10-03 14:06:32,403 [INFO] from play.api.http.EnabledFilters in play-dev-mode-akka.actor.default-dispatcher-795 - Enabled Filters (see <https://www.playframework.com/documentation/latest/Filters>):

    play.filters.csrf.CSRFFilter
    play.filters.headers.SecurityHeadersFilter
    play.filters.hosts.AllowedHostsFilter

2017-10-03 14:06:32,405 [INFO] from play.api.Play in play-dev-mode-akka.actor.default-dispatcher-795 - Application started (Dev)
2017-10-03 14:08:41,322 [INFO] from play.api.http.EnabledFilters in play-dev-mode-akka.actor.default-dispatcher-816 - Enabled Filters (see <https://www.playframework.com/documentation/latest/Filters>):

    play.filters.csrf.CSRFFilter
    play.filters.headers.SecurityHeadersFilter
    play.filters.hosts.AllowedHostsFilter

2017-10-03 14:08:41,323 [INFO] from play.api.Play in play-dev-mode-akka.actor.default-dispatcher-816 - Application started (Dev)
2017-10-03 14:09:10,700 [INFO] from play.api.http.EnabledFilters in play-dev-mode-akka.actor.default-dispatcher-836 - Enabled Filters (see <https://www.playframework.com/documentation/latest/Filters>):

    play.filters.csrf.CSRFFilter
    play.filters.headers.SecurityHeadersFilter
    play.filters.hosts.AllowedHostsFilter

2017-10-03 14:09:10,702 [INFO] from play.api.Play in play-dev-mode-akka.actor.default-dispatcher-836 - Application started (Dev)
2017-10-03 14:13:20,855 [INFO] from play.api.http.EnabledFilters in play-dev-mode-akka.actor.default-dispatcher-835 - Enabled Filters (see <https://www.playframework.com/documentation/latest/Filters>):

    play.filters.csrf.CSRFFilter
    play.filters.headers.SecurityHeadersFilter
    play.filters.hosts.AllowedHostsFilter

2017-10-03 14:13:20,857 [INFO] from play.api.Play in play-dev-mode-akka.actor.default-dispatcher-835 - Application started (Dev)
2017-10-03 14:17:01,803 [INFO] from play.api.http.EnabledFilters in play-dev-mode-akka.actor.default-dispatcher-857 - Enabled Filters (see <https://www.playframework.com/documentation/latest/Filters>):

    play.filters.csrf.CSRFFilter
    play.filters.headers.SecurityHeadersFilter
    play.filters.hosts.AllowedHostsFilter

2017-10-03 14:17:01,805 [INFO] from play.api.Play in play-dev-mode-akka.actor.default-dispatcher-857 - Application started (Dev)
2017-10-03 14:17:22,541 [INFO] from play.api.http.EnabledFilters in play-dev-mode-akka.actor.default-dispatcher-860 - Enabled Filters (see <https://www.playframework.com/documentation/latest/Filters>):

    play.filters.csrf.CSRFFilter
    play.filters.headers.SecurityHeadersFilter
    play.filters.hosts.AllowedHostsFilter

2017-10-03 14:17:22,543 [INFO] from play.api.Play in play-dev-mode-akka.actor.default-dispatcher-860 - Application started (Dev)
2017-10-03 14:20:36,609 [INFO] from play.api.http.EnabledFilters in play-dev-mode-akka.actor.default-dispatcher-857 - Enabled Filters (see <https://www.playframework.com/documentation/latest/Filters>):

    play.filters.csrf.CSRFFilter
    play.filters.headers.SecurityHeadersFilter
    play.filters.hosts.AllowedHostsFilter

2017-10-03 14:20:36,610 [INFO] from play.api.Play in play-dev-mode-akka.actor.default-dispatcher-857 - Application started (Dev)
2017-10-03 14:22:03,998 [INFO] from play.api.http.EnabledFilters in play-dev-mode-akka.actor.default-dispatcher-882 - Enabled Filters (see <https://www.playframework.com/documentation/latest/Filters>):

    play.filters.csrf.CSRFFilter
    play.filters.headers.SecurityHeadersFilter
    play.filters.hosts.AllowedHostsFilter

2017-10-03 14:22:04,000 [INFO] from play.api.Play in play-dev-mode-akka.actor.default-dispatcher-882 - Application started (Dev)
2017-10-03 14:27:55,426 [INFO] from play.api.http.EnabledFilters in play-dev-mode-akka.actor.default-dispatcher-899 - Enabled Filters (see <https://www.playframework.com/documentation/latest/Filters>):

    play.filters.csrf.CSRFFilter
    play.filters.headers.SecurityHeadersFilter
    play.filters.hosts.AllowedHostsFilter

2017-10-03 14:27:55,427 [INFO] from play.api.Play in play-dev-mode-akka.actor.default-dispatcher-899 - Application started (Dev)
2017-10-03 14:32:56,916 [INFO] from play.api.http.EnabledFilters in play-dev-mode-akka.actor.default-dispatcher-955 - Enabled Filters (see <https://www.playframework.com/documentation/latest/Filters>):

    play.filters.csrf.CSRFFilter
    play.filters.headers.SecurityHeadersFilter
    play.filters.hosts.AllowedHostsFilter

2017-10-03 14:32:56,917 [INFO] from play.api.Play in play-dev-mode-akka.actor.default-dispatcher-955 - Application started (Dev)
2017-10-03 14:34:24,550 [INFO] from play.api.http.EnabledFilters in play-dev-mode-akka.actor.default-dispatcher-956 - Enabled Filters (see <https://www.playframework.com/documentation/latest/Filters>):

    play.filters.csrf.CSRFFilter
    play.filters.headers.SecurityHeadersFilter
    play.filters.hosts.AllowedHostsFilter

2017-10-03 14:34:24,552 [INFO] from play.api.Play in play-dev-mode-akka.actor.default-dispatcher-956 - Application started (Dev)
2017-10-03 14:34:52,786 [INFO] from play.api.http.EnabledFilters in play-dev-mode-akka.actor.default-dispatcher-974 - Enabled Filters (see <https://www.playframework.com/documentation/latest/Filters>):

    play.filters.csrf.CSRFFilter
    play.filters.headers.SecurityHeadersFilter
    play.filters.hosts.AllowedHostsFilter

2017-10-03 14:34:52,788 [INFO] from play.api.Play in play-dev-mode-akka.actor.default-dispatcher-974 - Application started (Dev)
2017-10-03 14:35:26,583 [INFO] from play.api.http.EnabledFilters in play-dev-mode-akka.actor.default-dispatcher-974 - Enabled Filters (see <https://www.playframework.com/documentation/latest/Filters>):

    play.filters.csrf.CSRFFilter
    play.filters.headers.SecurityHeadersFilter
    play.filters.hosts.AllowedHostsFilter

2017-10-03 14:35:26,585 [INFO] from play.api.Play in play-dev-mode-akka.actor.default-dispatcher-974 - Application started (Dev)
2017-10-03 14:36:07,126 [INFO] from play.api.http.EnabledFilters in play-dev-mode-akka.actor.default-dispatcher-989 - Enabled Filters (see <https://www.playframework.com/documentation/latest/Filters>):

    play.filters.csrf.CSRFFilter
    play.filters.headers.SecurityHeadersFilter
    play.filters.hosts.AllowedHostsFilter

2017-10-03 14:36:07,127 [INFO] from play.api.Play in play-dev-mode-akka.actor.default-dispatcher-989 - Application started (Dev)
2017-10-03 14:38:27,279 [INFO] from play.api.http.EnabledFilters in play-dev-mode-akka.actor.default-dispatcher-996 - Enabled Filters (see <https://www.playframework.com/documentation/latest/Filters>):

    play.filters.csrf.CSRFFilter
    play.filters.headers.SecurityHeadersFilter
    play.filters.hosts.AllowedHostsFilter

2017-10-03 14:38:27,281 [INFO] from play.api.Play in play-dev-mode-akka.actor.default-dispatcher-996 - Application started (Dev)
2017-10-03 14:38:59,484 [INFO] from play.api.http.EnabledFilters in play-dev-mode-akka.actor.default-dispatcher-1020 - Enabled Filters (see <https://www.playframework.com/documentation/latest/Filters>):

    play.filters.csrf.CSRFFilter
    play.filters.headers.SecurityHeadersFilter
    play.filters.hosts.AllowedHostsFilter

2017-10-03 14:38:59,486 [INFO] from play.api.Play in play-dev-mode-akka.actor.default-dispatcher-1020 - Application started (Dev)
2017-10-03 14:39:40,469 [INFO] from play.api.http.EnabledFilters in play-dev-mode-akka.actor.default-dispatcher-1022 - Enabled Filters (see <https://www.playframework.com/documentation/latest/Filters>):

    play.filters.csrf.CSRFFilter
    play.filters.headers.SecurityHeadersFilter
    play.filters.hosts.AllowedHostsFilter

2017-10-03 14:39:40,471 [INFO] from play.api.Play in play-dev-mode-akka.actor.default-dispatcher-1022 - Application started (Dev)
2017-10-03 14:39:57,365 [INFO] from play.api.http.EnabledFilters in play-dev-mode-akka.actor.default-dispatcher-1036 - Enabled Filters (see <https://www.playframework.com/documentation/latest/Filters>):

    play.filters.csrf.CSRFFilter
    play.filters.headers.SecurityHeadersFilter
    play.filters.hosts.AllowedHostsFilter

2017-10-03 14:39:57,366 [INFO] from play.api.Play in play-dev-mode-akka.actor.default-dispatcher-1036 - Application started (Dev)
2017-10-03 14:40:52,193 [INFO] from play.api.http.EnabledFilters in play-dev-mode-akka.actor.default-dispatcher-1040 - Enabled Filters (see <https://www.playframework.com/documentation/latest/Filters>):

    play.filters.csrf.CSRFFilter
    play.filters.headers.SecurityHeadersFilter
    play.filters.hosts.AllowedHostsFilter

2017-10-03 14:40:52,194 [INFO] from play.api.Play in play-dev-mode-akka.actor.default-dispatcher-1040 - Application started (Dev)
2017-10-03 14:42:37,587 [INFO] from play.api.http.EnabledFilters in play-dev-mode-akka.actor.default-dispatcher-1048 - Enabled Filters (see <https://www.playframework.com/documentation/latest/Filters>):

    play.filters.csrf.CSRFFilter
    play.filters.headers.SecurityHeadersFilter
    play.filters.hosts.AllowedHostsFilter

2017-10-03 14:42:37,589 [INFO] from play.api.Play in play-dev-mode-akka.actor.default-dispatcher-1048 - Application started (Dev)
2017-10-03 14:46:12,535 [INFO] from play.api.http.EnabledFilters in play-dev-mode-akka.actor.default-dispatcher-1125 - Enabled Filters (see <https://www.playframework.com/documentation/latest/Filters>):

    play.filters.csrf.CSRFFilter
    play.filters.headers.SecurityHeadersFilter
    play.filters.hosts.AllowedHostsFilter

2017-10-03 14:46:12,537 [INFO] from play.api.Play in play-dev-mode-akka.actor.default-dispatcher-1125 - Application started (Dev)
2017-10-03 14:52:22,980 [INFO] from play.api.http.EnabledFilters in play-dev-mode-akka.actor.default-dispatcher-1194 - Enabled Filters (see <https://www.playframework.com/documentation/latest/Filters>):

    play.filters.csrf.CSRFFilter
    play.filters.headers.SecurityHeadersFilter
    play.filters.hosts.AllowedHostsFilter

2017-10-03 14:52:22,982 [INFO] from play.api.Play in play-dev-mode-akka.actor.default-dispatcher-1194 - Application started (Dev)
2017-10-03 14:52:47,250 [INFO] from play.api.http.EnabledFilters in play-dev-mode-akka.actor.default-dispatcher-1182 - Enabled Filters (see <https://www.playframework.com/documentation/latest/Filters>):

    play.filters.csrf.CSRFFilter
    play.filters.headers.SecurityHeadersFilter
    play.filters.hosts.AllowedHostsFilter

2017-10-03 14:52:47,251 [INFO] from play.api.Play in play-dev-mode-akka.actor.default-dispatcher-1182 - Application started (Dev)
2017-10-03 14:53:09,218 [INFO] from play.api.http.EnabledFilters in play-dev-mode-akka.actor.default-dispatcher-1216 - Enabled Filters (see <https://www.playframework.com/documentation/latest/Filters>):

    play.filters.csrf.CSRFFilter
    play.filters.headers.SecurityHeadersFilter
    play.filters.hosts.AllowedHostsFilter

2017-10-03 14:53:09,219 [INFO] from play.api.Play in play-dev-mode-akka.actor.default-dispatcher-1216 - Application started (Dev)
